<?xml version="1.0" encoding="UTF-8" standalone="no"?>
<!DOCTYPE log SYSTEM "logger.dtd">
<log>
<record>
  <date>2024-01-29T08:16:16.805096900Z</date>
  <millis>1706516176805</millis>
  <nanos>96900</nanos>
  <sequence>0</sequence>
  <logger>Nombre del logger</logger>
  <level>FINE</level>
  <class>principal.Calculadora</class>
  <method>main</method>
  <thread>1</thread>
  <message>Suma realizada correctamente.</message>
</record>
<record>
  <date>2024-01-29T08:16:23.780102500Z</date>
  <millis>1706516183780</millis>
  <nanos>102500</nanos>
  <sequence>1</sequence>
  <logger>Nombre del logger</logger>
  <level>FINE</level>
  <class>principal.Calculadora</class>
  <method>main</method>
  <thread>1</thread>
  <message>Division realizada correctamente.</message>
</record>
<record>
  <date>2024-01-29T08:16:28.748335200Z</date>
  <millis>1706516188748</millis>
  <nanos>335200</nanos>
  <sequence>2</sequence>
  <logger>Nombre del logger</logger>
  <level>WARNING</level>
  <class>principal.Calculadora</class>
  <method>main</method>
  <thread>1</thread>
  <message>Intento de dividir por cero.</message>
</record>
</log>
<?xml version="1.0" encoding="UTF-8" standalone="no"?>
<!DOCTYPE log SYSTEM "logger.dtd">
<log>
<record>
  <date>2024-01-29T08:17:42.093081700Z</date>
  <millis>1706516262093</millis>
  <nanos>81700</nanos>
  <sequence>0</sequence>
  <logger>Nombre del logger</logger>
  <level>WARNING</level>
  <class>principal.Calculadora</class>
  <method>main</method>
  <thread>1</thread>
  <message>Intento de dividir por cero.</message>
</record>
</log>
<?xml version="1.0" encoding="UTF-8" standalone="no"?>
<!DOCTYPE log SYSTEM "logger.dtd">
<log>
<record>
  <date>2024-01-29T08:18:57.868079200Z</date>
  <millis>1706516337868</millis>
  <nanos>79200</nanos>
  <sequence>0</sequence>
  <logger>Nombre del logger</logger>
  <level>FINE</level>
  <class>principal.Calculadora</class>
  <method>main</method>
  <thread>1</thread>
  <message>Resta realizada correctamente.</message>
</record>
<record>
  <date>2024-01-29T08:19:06.948077400Z</date>
  <millis>1706516346948</millis>
  <nanos>77400</nanos>
  <sequence>1</sequence>
  <logger>Nombre del logger</logger>
  <level>FINE</level>
  <class>principal.Calculadora</class>
  <method>main</method>
  <thread>1</thread>
  <message>Multiplicación realizada correctamente.</message>
</record>
<record>
  <date>2024-01-29T08:19:15.348076900Z</date>
  <millis>1706516355348</millis>
  <nanos>76900</nanos>
  <sequence>2</sequence>
  <logger>Nombre del logger</logger>
  <level>FINE</level>
  <class>principal.Calculadora</class>
  <method>main</method>
  <thread>1</thread>
  <message>Resto realizada correctamente.</message>
</record>
<record>
  <date>2024-01-29T08:19:21.452076Z</date>
  <millis>1706516361452</millis>
  <nanos>76000</nanos>
  <sequence>3</sequence>
  <logger>Nombre del logger</logger>
  <level>WARNING</level>
  <class>principal.Calculadora</class>
  <method>main</method>
  <thread>1</thread>
  <message>Intento de dividir por cero.</message>
</record>
</log>
<?xml version="1.0" encoding="UTF-8" standalone="no"?>
<!DOCTYPE log SYSTEM "logger.dtd">
<log>
<record>
  <date>2024-01-29T08:19:53.677060700Z</date>
  <millis>1706516393677</millis>
  <nanos>60700</nanos>
  <sequence>0</sequence>
  <logger>Nombre del logger</logger>
  <level>WARNING</level>
  <class>principal.Calculadora</class>
  <method>main</method>
  <thread>1</thread>
  <message>Intento de dividir por cero.</message>
</record>
</log>
<?xml version="1.0" encoding="UTF-8" standalone="no"?>
<!DOCTYPE log SYSTEM "logger.dtd">
<log>
<record>
  <date>2024-01-31T12:23:52.742819300Z</date>
  <millis>1706703832742</millis>
  <nanos>819300</nanos>
  <sequence>0</sequence>
  <logger>Nombre del logger</logger>
  <level>FINE</level>
  <class>principal.Calculadora</class>
  <method>main</method>
  <thread>1</thread>
  <message>Suma realizada correctamente.</message>
</record>
</log>
<?xml version="1.0" encoding="UTF-8" standalone="no"?>
<!DOCTYPE log SYSTEM "logger.dtd">
<log>
<record>
  <date>2024-01-31T12:24:02.608944900Z</date>
  <millis>1706703842608</millis>
  <nanos>944900</nanos>
  <sequence>0</sequence>
  <logger>Nombre del logger</logger>
  <level>FINE</level>
  <class>principal.Calculadora</class>
  <method>main</method>
  <thread>1</thread>
  <message>Suma realizada correctamente.</message>
</record>
<record>
  <date>2024-01-31T12:24:07.048943800Z</date>
  <millis>1706703847048</millis>
  <nanos>943800</nanos>
  <sequence>1</sequence>
  <logger>Nombre del logger</logger>
  <level>WARNING</level>
  <class>principal.Calculadora</class>
  <method>main</method>
  <thread>1</thread>
  <message>Intento de dividir por cero.</message>
</record>
</log>
<HTML>
 <BODY> 
<P>Multiplicación realizada correctamente.</P>
 </BODY>
</HTML>
<HTML>
 <BODY> 
<P>2024-02-01T11:42:43.224238100Z FINE Multiplicación realizada correctamente.</P>
 </BODY>
</HTML>